make[2]: *** No rule to make target '/.grpc_local/lib/libregistration_grpc_proto.a', needed by '/home/guanlunlu/catkin_ws/devel/.private/quadruped/lib/libdoc_proto.so'.  Stop.
make[2]: *** Waiting for unfinished jobs....
make[2]: *** No rule to make target '/.grpc_local/lib/libregistration_grpc_proto.a', needed by '/home/guanlunlu/catkin_ws/devel/.private/quadruped/lib/libmotor_proto.so'.  Stop.
make[2]: *** No rule to make target '/.grpc_local/lib/libregistration_grpc_proto.a', needed by '/home/guanlunlu/catkin_ws/devel/.private/quadruped/lib/libpower_proto.so'.  Stop.
make[2]: *** Waiting for unfinished jobs....
make[2]: *** Waiting for unfinished jobs....
make[2]: *** No rule to make target '/.grpc_local/lib/libregistration_grpc_proto.a', needed by '/home/guanlunlu/catkin_ws/devel/.private/quadruped/lib/libforce_proto.so'.  Stop.
make[2]: *** Waiting for unfinished jobs....
make[2]: *** No rule to make target '/.grpc_local/lib/libregistration_grpc_proto.a', needed by '/home/guanlunlu/catkin_ws/devel/.private/quadruped/lib/libsensor_proto.so'.  Stop.
make[2]: *** Waiting for unfinished jobs....
make[2]: *** No rule to make target '/.grpc_local/lib/libregistration_grpc_proto.a', needed by '/home/guanlunlu/catkin_ws/devel/.private/quadruped/lib/librobot_proto.so'.  Stop.
make[2]: *** Waiting for unfinished jobs....
make[2]: *** No rule to make target '/.grpc_local/lib/libregistration_grpc_proto.a', needed by '/home/guanlunlu/catkin_ws/devel/.private/quadruped/lib/libgeometry_proto.so'.  Stop.
make[2]: *** Waiting for unfinished jobs....
make[1]: *** [CMakeFiles/Makefile2:1365: CMakeFiles/motor_proto.dir/all] Error 2
make[1]: *** Waiting for unfinished jobs....
make[1]: *** [CMakeFiles/Makefile2:805: CMakeFiles/force_proto.dir/all] Error 2
make[1]: *** [CMakeFiles/Makefile2:751: CMakeFiles/doc_proto.dir/all] Error 2
make[1]: *** [CMakeFiles/Makefile2:1031: CMakeFiles/robot_proto.dir/all] Error 2
make[1]: *** [CMakeFiles/Makefile2:1424: CMakeFiles/power_proto.dir/all] Error 2
make[1]: *** [CMakeFiles/Makefile2:1451: CMakeFiles/sensor_proto.dir/all] Error 2
make[1]: *** [CMakeFiles/Makefile2:346: CMakeFiles/geometry_proto.dir/all] Error 2
make: *** [Makefile:160: all] Error 2
