Performing C SOURCE FILE Test CMAKE_HAVE_LIBC_PTHREAD failed with the following output:
Change Dir: /home/guanlunlu/catkin_ws/build/quadruped/CMakeFiles/CMakeTmp

Run Build Command(s):/usr/bin/make cmTC_848b3/fast && /usr/bin/make  -f CMakeFiles/cmTC_848b3.dir/build.make CMakeFiles/cmTC_848b3.dir/build
make[1]: Entering directory '/home/guanlunlu/catkin_ws/build/quadruped/CMakeFiles/CMakeTmp'
Building C object CMakeFiles/cmTC_848b3.dir/src.c.o
/usr/bin/gcc -DCMAKE_HAVE_LIBC_PTHREAD   -o CMakeFiles/cmTC_848b3.dir/src.c.o -c /home/guanlunlu/catkin_ws/build/quadruped/CMakeFiles/CMakeTmp/src.c
Linking C executable cmTC_848b3
/home/guanlunlu/.local/bin/cmake -E cmake_link_script CMakeFiles/cmTC_848b3.dir/link.txt --verbose=1
/usr/bin/gcc CMakeFiles/cmTC_848b3.dir/src.c.o -o cmTC_848b3 
/usr/bin/ld: CMakeFiles/cmTC_848b3.dir/src.c.o: in function `main':
src.c:(.text+0x46): undefined reference to `pthread_create'
/usr/bin/ld: src.c:(.text+0x52): undefined reference to `pthread_detach'
/usr/bin/ld: src.c:(.text+0x5e): undefined reference to `pthread_cancel'
/usr/bin/ld: src.c:(.text+0x6f): undefined reference to `pthread_join'
collect2: error: ld returned 1 exit status
make[1]: *** [CMakeFiles/cmTC_848b3.dir/build.make:106: cmTC_848b3] Error 1
make[1]: Leaving directory '/home/guanlunlu/catkin_ws/build/quadruped/CMakeFiles/CMakeTmp'
make: *** [Makefile:140: cmTC_848b3/fast] Error 2


Source file was:
#include <pthread.h>

static void* test_func(void* data)
{
  return data;
}

int main(void)
{
  pthread_t thread;
  pthread_create(&thread, NULL, test_func, NULL);
  pthread_detach(thread);
  pthread_cancel(thread);
  pthread_join(thread, NULL);
  pthread_atfork(NULL, NULL, NULL);
  pthread_exit(NULL);

  return 0;
}

Determining if the function pthread_create exists in the pthreads failed with the following output:
Change Dir: /home/guanlunlu/catkin_ws/build/quadruped/CMakeFiles/CMakeTmp

Run Build Command(s):/usr/bin/make cmTC_603b9/fast && /usr/bin/make  -f CMakeFiles/cmTC_603b9.dir/build.make CMakeFiles/cmTC_603b9.dir/build
make[1]: Entering directory '/home/guanlunlu/catkin_ws/build/quadruped/CMakeFiles/CMakeTmp'
Building C object CMakeFiles/cmTC_603b9.dir/CheckFunctionExists.c.o
/usr/bin/gcc   -DCHECK_FUNCTION_EXISTS=pthread_create -o CMakeFiles/cmTC_603b9.dir/CheckFunctionExists.c.o -c /home/guanlunlu/.local/share/cmake-3.19/Modules/CheckFunctionExists.c
Linking C executable cmTC_603b9
/home/guanlunlu/.local/bin/cmake -E cmake_link_script CMakeFiles/cmTC_603b9.dir/link.txt --verbose=1
/usr/bin/gcc  -DCHECK_FUNCTION_EXISTS=pthread_create CMakeFiles/cmTC_603b9.dir/CheckFunctionExists.c.o -o cmTC_603b9  -lpthreads 
/usr/bin/ld: cannot find -lpthreads
collect2: error: ld returned 1 exit status
make[1]: *** [CMakeFiles/cmTC_603b9.dir/build.make:106: cmTC_603b9] Error 1
make[1]: Leaving directory '/home/guanlunlu/catkin_ws/build/quadruped/CMakeFiles/CMakeTmp'
make: *** [Makefile:140: cmTC_603b9/fast] Error 2



